{
  "RSpec": {
    "coverage": {
      "/Users/armandoalejandre/Documents/personal_projects/check_in_objects/spec/dummy/spec/check_in_objects/models/attendance_spec.rb": [
        1,
        null,
        1,
        6,
        6,
        null,
        1,
        2,
        2,
        2,
        2,
        null,
        null,
        1,
        2,
        null,
        null
      ],
      "/Users/armandoalejandre/Documents/personal_projects/check_in_objects/spec/dummy/config/environment.rb": [
        null,
        1,
        null,
        null,
        1
      ],
      "/Users/armandoalejandre/Documents/personal_projects/check_in_objects/spec/dummy/config/application.rb": [
        1,
        null,
        1,
        null,
        1,
        1,
        1,
        1,
        1,
        1,
        1,
        1,
        1,
        null,
        null,
        1,
        1,
        null,
        1,
        1,
        null,
        1,
        null,
        null,
        null,
        null,
        null,
        null,
        null,
        null
      ],
      "/Users/armandoalejandre/Documents/personal_projects/check_in_objects/spec/dummy/config/boot.rb": [
        null,
        1,
        null,
        1,
        1
      ],
      "/Users/armandoalejandre/Documents/personal_projects/check_in_objects/spec/dummy/config/environments/test.rb": [
        1,
        null,
        null,
        null,
        null,
        null,
        null,
        1,
        null,
        null,
        null,
        null,
        1,
        null,
        null,
        1,
        1,
        null,
        null,
        null,
        null,
        1,
        1,
        null,
        null,
        1,
        null,
        null,
        1,
        null,
        null,
        1,
        null,
        1,
        null,
        null,
        null,
        null,
        1,
        null,
        null,
        1,
        null,
        null,
        null,
        null
      ],
      "/Users/armandoalejandre/Documents/personal_projects/check_in_objects/spec/dummy/config/initializers/application_controller_renderer.rb": [
        null,
        null,
        null,
        null,
        null,
        null,
        null,
        null
      ],
      "/Users/armandoalejandre/Documents/personal_projects/check_in_objects/spec/dummy/config/initializers/assets.rb": [
        null,
        null,
        null,
        1,
        null,
        null,
        null,
        null,
        1,
        null,
        null,
        null,
        null,
        null
      ],
      "/Users/armandoalejandre/Documents/personal_projects/check_in_objects/spec/dummy/config/initializers/backtrace_silencers.rb": [
        null,
        null,
        null,
        null,
        null,
        null,
        null
      ],
      "/Users/armandoalejandre/Documents/personal_projects/check_in_objects/spec/dummy/config/initializers/content_security_policy.rb": [
        null,
        null,
        null,
        null,
        null,
        null,
        null,
        null,
        null,
        null,
        null,
        null,
        null,
        null,
        null,
        null,
        null,
        null,
        null,
        null,
        null,
        null,
        null,
        null,
        null
      ],
      "/Users/armandoalejandre/Documents/personal_projects/check_in_objects/spec/dummy/config/initializers/cookies_serializer.rb": [
        null,
        null,
        null,
        null,
        1
      ],
      "/Users/armandoalejandre/Documents/personal_projects/check_in_objects/spec/dummy/config/initializers/filter_parameter_logging.rb": [
        null,
        null,
        null,
        1
      ],
      "/Users/armandoalejandre/Documents/personal_projects/check_in_objects/spec/dummy/config/initializers/inflections.rb": [
        null,
        null,
        null,
        null,
        null,
        null,
        null,
        null,
        null,
        null,
        null,
        null,
        null,
        null,
        null,
        null
      ],
      "/Users/armandoalejandre/Documents/personal_projects/check_in_objects/spec/dummy/config/initializers/mime_types.rb": [
        null,
        null,
        null,
        null
      ],
      "/Users/armandoalejandre/Documents/personal_projects/check_in_objects/spec/dummy/config/initializers/wrap_parameters.rb": [
        null,
        null,
        null,
        null,
        null,
        null,
        1,
        1,
        null,
        null,
        null,
        null,
        null,
        null
      ],
      "/Users/armandoalejandre/Documents/personal_projects/check_in_objects/spec/dummy/config/routes.rb": [
        1,
        null,
        null
      ],
      "/Users/armandoalejandre/Documents/personal_projects/check_in_objects/spec/dummy/app/helpers/application_helper.rb": [
        1,
        null
      ],
      "/Users/armandoalejandre/Documents/personal_projects/check_in_objects/spec/dummy/spec/check_in_objects/models/entry_spec.rb": [
        1,
        null,
        1,
        6,
        6,
        null,
        1,
        2,
        2,
        2,
        2,
        null,
        null,
        1,
        2,
        null,
        null
      ],
      "/Users/armandoalejandre/Documents/personal_projects/check_in_objects/spec/dummy/spec/check_in_objects/models/exit_spec.rb": [
        1,
        null,
        1,
        6,
        6,
        null,
        1,
        2,
        2,
        2,
        2,
        null,
        null,
        1,
        2,
        null,
        null
      ],
      "/Users/armandoalejandre/Documents/personal_projects/check_in_objects/spec/dummy/spec/dummy/spec/check_in_objects/models/attendance_spec.rb": [
        1,
        null,
        1,
        6,
        6,
        null,
        1,
        2,
        2,
        2,
        2,
        null,
        null,
        1,
        2,
        null,
        null
      ],
      "/Users/armandoalejandre/Documents/personal_projects/check_in_objects/spec/dummy/spec/dummy/spec/check_in_objects/models/entry_spec.rb": [
        1,
        null,
        1,
        6,
        6,
        null,
        1,
        2,
        2,
        2,
        2,
        null,
        null,
        1,
        2,
        null,
        null
      ],
      "/Users/armandoalejandre/Documents/personal_projects/check_in_objects/spec/dummy/spec/dummy/spec/check_in_objects/models/exit_spec.rb": [
        1,
        null,
        1,
        6,
        6,
        null,
        1,
        2,
        2,
        2,
        2,
        null,
        null,
        1,
        2,
        null,
        null
      ],
      "/Users/armandoalejandre/Documents/personal_projects/check_in_objects/spec/dummy/spec/dummy/spec/models/user_spec.rb": [
        1,
        null,
        1,
        3,
        3,
        null,
        1,
        2,
        2,
        null,
        null,
        2,
        null
      ],
      "/Users/armandoalejandre/Documents/personal_projects/check_in_objects/spec/dummy/app/models/user.rb": [
        1,
        1,
        null
      ],
      "/Users/armandoalejandre/Documents/personal_projects/check_in_objects/spec/dummy/app/models/application_record.rb": [
        1,
        1,
        null
      ],
      "/Users/armandoalejandre/Documents/personal_projects/check_in_objects/spec/dummy/spec/models/user_spec.rb": [
        1,
        null,
        1,
        3,
        3,
        null,
        1,
        2,
        2,
        null,
        null,
        2,
        null
      ]
    },
    "timestamp": 1570161419
  }
}
